[debug] [2025-07-02T08:05:31.233Z] ----------------------------------------------------------------------
[debug] [2025-07-02T08:05:31.238Z] Command:       /nix/store/wfxq6w9bkp5dcfr8yb6789b0w7128gnb-nodejs-20.18.1/bin/node /home/runner/workspace/node_modules/.bin/firebase deploy --only apphosting:backend:tuntas-kilat-app
[debug] [2025-07-02T08:05:31.239Z] CLI Version:   14.9.0
[debug] [2025-07-02T08:05:31.239Z] Platform:      linux
[debug] [2025-07-02T08:05:31.239Z] Node Version:  v20.18.1
[debug] [2025-07-02T08:05:31.240Z] Time:          Wed Jul 02 2025 08:05:31 GMT+0000 (Coordinated Universal Time)
[debug] [2025-07-02T08:05:31.240Z] ----------------------------------------------------------------------
[debug] 
[debug] [2025-07-02T08:05:31.492Z] Object "" in "firebase.json" has unknown property: {"additionalProperty":"projects"}
[debug] [2025-07-02T08:05:31.497Z] > command requires scopes: ["email","openid","https://www.googleapis.com/auth/cloudplatformprojects.readonly","https://www.googleapis.com/auth/firebase","https://www.googleapis.com/auth/cloud-platform"]
[debug] [2025-07-02T08:05:31.497Z] > authorizing via signed-in user (nabhanyuzqi1@gmail.com)
[debug] [2025-07-02T08:05:31.497Z] [iam] checking project tuntas-kilat for permissions ["firebase.projects.get",null]
[debug] [2025-07-02T08:05:31.499Z] Checked if tokens are valid: true, expires at: 1751445005750
[debug] [2025-07-02T08:05:31.499Z] Checked if tokens are valid: true, expires at: 1751445005750
[debug] [2025-07-02T08:05:31.500Z] >>> [apiv2][query] POST https://cloudresourcemanager.googleapis.com/v1/projects/tuntas-kilat:testIamPermissions [none]
[debug] [2025-07-02T08:05:31.500Z] >>> [apiv2][(partial)header] POST https://cloudresourcemanager.googleapis.com/v1/projects/tuntas-kilat:testIamPermissions x-goog-quota-user=projects/tuntas-kilat
[debug] [2025-07-02T08:05:31.500Z] >>> [apiv2][body] POST https://cloudresourcemanager.googleapis.com/v1/projects/tuntas-kilat:testIamPermissions {"permissions":["firebase.projects.get",null]}
[debug] [2025-07-02T08:05:32.918Z] <<< [apiv2][status] POST https://cloudresourcemanager.googleapis.com/v1/projects/tuntas-kilat:testIamPermissions 200
[debug] [2025-07-02T08:05:32.919Z] <<< [apiv2][body] POST https://cloudresourcemanager.googleapis.com/v1/projects/tuntas-kilat:testIamPermissions {"permissions":["firebase.projects.get"]}
[debug] [2025-07-02T08:05:32.919Z] [iam] error while checking permissions, command may fail: Authorization failed. This account is missing the following required permissions on project tuntas-kilat:

  
[info] 
[info] === Deploying to 'tuntas-kilat'...
[info] 
[info] i  deploying apphosting 
[debug] [2025-07-02T08:05:32.929Z] Checked if tokens are valid: true, expires at: 1751445005750
[debug] [2025-07-02T08:05:32.929Z] Checked if tokens are valid: true, expires at: 1751445005750
[debug] [2025-07-02T08:05:32.929Z] >>> [apiv2][query] POST https://iam.googleapis.com/v1/projects/tuntas-kilat/serviceAccounts/firebase-app-hosting-compute@tuntas-kilat.iam.gserviceaccount.com:testIamPermissions [none]
[debug] [2025-07-02T08:05:32.929Z] >>> [apiv2][(partial)header] POST https://iam.googleapis.com/v1/projects/tuntas-kilat/serviceAccounts/firebase-app-hosting-compute@tuntas-kilat.iam.gserviceaccount.com:testIamPermissions x-goog-quota-user=projects/tuntas-kilat
[debug] [2025-07-02T08:05:32.929Z] >>> [apiv2][body] POST https://iam.googleapis.com/v1/projects/tuntas-kilat/serviceAccounts/firebase-app-hosting-compute@tuntas-kilat.iam.gserviceaccount.com:testIamPermissions {"permissions":["iam.serviceAccounts.actAs"]}
[debug] [2025-07-02T08:05:34.567Z] <<< [apiv2][status] POST https://iam.googleapis.com/v1/projects/tuntas-kilat/serviceAccounts/firebase-app-hosting-compute@tuntas-kilat.iam.gserviceaccount.com:testIamPermissions 200
[debug] [2025-07-02T08:05:34.567Z] <<< [apiv2][body] POST https://iam.googleapis.com/v1/projects/tuntas-kilat/serviceAccounts/firebase-app-hosting-compute@tuntas-kilat.iam.gserviceaccount.com:testIamPermissions {"permissions":["iam.serviceAccounts.actAs"]}
[debug] [2025-07-02T08:05:34.567Z] Checked if tokens are valid: true, expires at: 1751445005750
[debug] [2025-07-02T08:05:34.567Z] Checked if tokens are valid: true, expires at: 1751445005750
[debug] [2025-07-02T08:05:34.568Z] >>> [apiv2][query] POST https://cloudresourcemanager.googleapis.com/v1/projects/tuntas-kilat:getIamPolicy [none]
[debug] [2025-07-02T08:05:34.958Z] <<< [apiv2][status] POST https://cloudresourcemanager.googleapis.com/v1/projects/tuntas-kilat:getIamPolicy 200
[debug] [2025-07-02T08:05:34.959Z] <<< [apiv2][body] POST https://cloudresourcemanager.googleapis.com/v1/projects/tuntas-kilat:getIamPolicy {"version":1,"etag":"BwY47YiVphU=","bindings":[{"role":"roles/artifactregistry.serviceAgent","members":["serviceAccount:service-207819547242@gcp-sa-artifactregistry.iam.gserviceaccount.com"]},{"role":"roles/cloudbuild.builds.builder","members":["serviceAccount:207819547242@cloudbuild.gserviceaccount.com"]},{"role":"roles/cloudbuild.serviceAgent","members":["serviceAccount:service-207819547242@gcp-sa-cloudbuild.iam.gserviceaccount.com"]},{"role":"roles/cloudfunctions.serviceAgent","members":["serviceAccount:service-207819547242@gcf-admin-robot.iam.gserviceaccount.com"]},{"role":"roles/containerregistry.ServiceAgent","members":["serviceAccount:service-207819547242@containerregistry.iam.gserviceaccount.com"]},{"role":"roles/developerconnect.readTokenAccessor","members":["serviceAccount:firebase-app-hosting-compute@tuntas-kilat.iam.gserviceaccount.com"]},{"role":"roles/developerconnect.serviceAgent","members":["serviceAccount:service-207819547242@gcp-sa-devconnect.iam.gserviceaccount.com"]},{"role":"roles/editor","members":["serviceAccount:207819547242-compute@developer.gserviceaccount.com","serviceAccount:tuntas-kilat@appspot.gserviceaccount.com"]},{"role":"roles/firebase.managementServiceAgent","members":["serviceAccount:service-207819547242@gcp-sa-firebase.iam.gserviceaccount.com"]},{"role":"roles/firebase.sdkAdminServiceAgent","members":["serviceAccount:firebase-adminsdk-fbsvc@tuntas-kilat.iam.gserviceaccount.com","serviceAccount:firebase-app-hosting-compute@tuntas-kilat.iam.gserviceaccount.com"]},{"role":"roles/firebaseapphosting.computeRunner","members":["serviceAccount:firebase-app-hosting-compute@tuntas-kilat.iam.gserviceaccount.com"]},{"role":"roles/firebaseapphosting.serviceAgent","members":["serviceAccount:service-207819547242@gcp-sa-firebaseapphosting.iam.gserviceaccount.com"]},{"role":"roles/firebaseauth.admin","members":["serviceAccount:firebase-adminsdk-fbsvc@tuntas-kilat.iam.gserviceaccount.com"]},{"role":"roles/firebaserules.firestoreServiceAgent","members":["serviceAccount:service-207819547242@gcp-sa-firebasestorage.iam.gserviceaccount.com"]},{"role":"roles/firebaserules.system","members":["serviceAccount:service-207819547242@firebase-rules.iam.gserviceaccount.com"]},{"role":"roles/firebasestorage.serviceAgent","members":["serviceAccount:service-207819547242@gcp-sa-firebasestorage.iam.gserviceaccount.com"]},{"role":"roles/firestore.serviceAgent","members":["serviceAccount:service-207819547242@gcp-sa-firestore.iam.gserviceaccount.com"]},{"role":"roles/iam.serviceAccountTokenCreator","members":["serviceAccount:firebase-adminsdk-fbsvc@tuntas-kilat.iam.gserviceaccount.com"]},{"role":"roles/owner","members":["user:nabhanyuzqi1@gmail.com"]},{"role":"roles/run.serviceAgent","members":["serviceAccount:service-207819547242@serverless-robot-prod.iam.gserviceaccount.com"]},{"role":"roles/secretmanager.admin_withcond_bad95d33bea38eb4196a","members":["serviceAccount:service-207819547242@gcp-sa-devconnect.iam.gserviceaccount.com"]},{"role":"roles/storage.admin","members":["serviceAccount:firebase-adminsdk-fbsvc@tuntas-kilat.iam.gserviceaccount.com"]},{"role":"roles/storage.objectViewer","members":["serviceAccount:firebase-app-hosting-compute@tuntas-kilat.iam.gserviceaccount.com"]}]}
[debug] [2025-07-02T08:05:34.959Z] Checked if tokens are valid: true, expires at: 1751445005750
[debug] [2025-07-02T08:05:34.959Z] Checked if tokens are valid: true, expires at: 1751445005750
[debug] [2025-07-02T08:05:34.960Z] >>> [apiv2][query] GET https://firebaseapphosting.googleapis.com/v1beta/projects/tuntas-kilat/locations/-/backends 
[debug] [2025-07-02T08:05:36.737Z] <<< [apiv2][status] GET https://firebaseapphosting.googleapis.com/v1beta/projects/tuntas-kilat/locations/-/backends 200
[debug] [2025-07-02T08:05:36.738Z] <<< [apiv2][body] GET https://firebaseapphosting.googleapis.com/v1beta/projects/tuntas-kilat/locations/-/backends {"backends":[{"name":"projects/tuntas-kilat/locations/asia-east1/backends/tuntas-kilat-app","createTime":"2025-07-02T03:40:46.739258334Z","updateTime":"2025-07-02T07:50:57.555180Z","labels":{"deployment-tool":"cli-firebase"},"uri":"tuntas-kilat-app--tuntas-kilat.asia-east1.hosted.app","managedResources":[{"runService":{"service":"projects/207819547242/locations/asia-east1/services/tuntas-kilat-app"}}],"uid":"8f857f8c-7aad-47ab-851a-ca38fd7c24ee","etag":"Q3op3lHW-7vo5zdwFX-U6vKXLlUttpqHDNrSKPVTM7Q","reconciling":false,"servingLocality":"GLOBAL_ACCESS","serviceAccount":"firebase-app-hosting-compute@tuntas-kilat.iam.gserviceaccount.com","appId":"1:207819547242:web:56ffce91c69e6980f5a013"}]}
[debug] [2025-07-02T08:09:56.604Z] ----------------------------------------------------------------------
[debug] [2025-07-02T08:09:56.608Z] Command:       /nix/store/wfxq6w9bkp5dcfr8yb6789b0w7128gnb-nodejs-20.18.1/bin/node /home/runner/workspace/node_modules/.bin/firebase deploy --only apphosting:backend:tuntas-kilat-app
[debug] [2025-07-02T08:09:56.608Z] CLI Version:   14.9.0
[debug] [2025-07-02T08:09:56.609Z] Platform:      linux
[debug] [2025-07-02T08:09:56.609Z] Node Version:  v20.18.1
[debug] [2025-07-02T08:09:56.609Z] Time:          Wed Jul 02 2025 08:09:56 GMT+0000 (Coordinated Universal Time)
[debug] [2025-07-02T08:09:56.609Z] ----------------------------------------------------------------------
[debug] 
[debug] [2025-07-02T08:09:57.024Z] Object "" in "firebase.json" has unknown property: {"additionalProperty":"projects"}
[debug] [2025-07-02T08:09:57.031Z] > command requires scopes: ["email","openid","https://www.googleapis.com/auth/cloudplatformprojects.readonly","https://www.googleapis.com/auth/firebase","https://www.googleapis.com/auth/cloud-platform"]
[debug] [2025-07-02T08:09:57.033Z] > authorizing via signed-in user (nabhanyuzqi1@gmail.com)
[debug] [2025-07-02T08:09:57.033Z] [iam] checking project tuntas-kilat for permissions ["firebase.projects.get",null]
[debug] [2025-07-02T08:09:57.034Z] Checked if tokens are valid: true, expires at: 1751445005750
[debug] [2025-07-02T08:09:57.035Z] Checked if tokens are valid: true, expires at: 1751445005750
[debug] [2025-07-02T08:09:57.036Z] >>> [apiv2][query] POST https://cloudresourcemanager.googleapis.com/v1/projects/tuntas-kilat:testIamPermissions [none]
[debug] [2025-07-02T08:09:57.036Z] >>> [apiv2][(partial)header] POST https://cloudresourcemanager.googleapis.com/v1/projects/tuntas-kilat:testIamPermissions x-goog-quota-user=projects/tuntas-kilat
[debug] [2025-07-02T08:09:57.037Z] >>> [apiv2][body] POST https://cloudresourcemanager.googleapis.com/v1/projects/tuntas-kilat:testIamPermissions {"permissions":["firebase.projects.get",null]}
[debug] [2025-07-02T08:09:58.489Z] <<< [apiv2][status] POST https://cloudresourcemanager.googleapis.com/v1/projects/tuntas-kilat:testIamPermissions 200
[debug] [2025-07-02T08:09:58.490Z] <<< [apiv2][body] POST https://cloudresourcemanager.googleapis.com/v1/projects/tuntas-kilat:testIamPermissions {"permissions":["firebase.projects.get"]}
[debug] [2025-07-02T08:09:58.490Z] [iam] error while checking permissions, command may fail: Authorization failed. This account is missing the following required permissions on project tuntas-kilat:

  
[info] 
[info] === Deploying to 'tuntas-kilat'...
[info] 
[info] i  deploying apphosting 
[debug] [2025-07-02T08:09:58.496Z] Checked if tokens are valid: true, expires at: 1751445005750
[debug] [2025-07-02T08:09:58.496Z] Checked if tokens are valid: true, expires at: 1751445005750
[debug] [2025-07-02T08:09:58.496Z] >>> [apiv2][query] POST https://iam.googleapis.com/v1/projects/tuntas-kilat/serviceAccounts/firebase-app-hosting-compute@tuntas-kilat.iam.gserviceaccount.com:testIamPermissions [none]
[debug] [2025-07-02T08:09:58.496Z] >>> [apiv2][(partial)header] POST https://iam.googleapis.com/v1/projects/tuntas-kilat/serviceAccounts/firebase-app-hosting-compute@tuntas-kilat.iam.gserviceaccount.com:testIamPermissions x-goog-quota-user=projects/tuntas-kilat
[debug] [2025-07-02T08:09:58.496Z] >>> [apiv2][body] POST https://iam.googleapis.com/v1/projects/tuntas-kilat/serviceAccounts/firebase-app-hosting-compute@tuntas-kilat.iam.gserviceaccount.com:testIamPermissions {"permissions":["iam.serviceAccounts.actAs"]}
[debug] [2025-07-02T08:10:00.340Z] <<< [apiv2][status] POST https://iam.googleapis.com/v1/projects/tuntas-kilat/serviceAccounts/firebase-app-hosting-compute@tuntas-kilat.iam.gserviceaccount.com:testIamPermissions 200
[debug] [2025-07-02T08:10:00.340Z] <<< [apiv2][body] POST https://iam.googleapis.com/v1/projects/tuntas-kilat/serviceAccounts/firebase-app-hosting-compute@tuntas-kilat.iam.gserviceaccount.com:testIamPermissions {"permissions":["iam.serviceAccounts.actAs"]}
[debug] [2025-07-02T08:10:00.341Z] Checked if tokens are valid: true, expires at: 1751445005750
[debug] [2025-07-02T08:10:00.341Z] Checked if tokens are valid: true, expires at: 1751445005750
[debug] [2025-07-02T08:10:00.341Z] >>> [apiv2][query] POST https://cloudresourcemanager.googleapis.com/v1/projects/tuntas-kilat:getIamPolicy [none]
[debug] [2025-07-02T08:10:00.767Z] <<< [apiv2][status] POST https://cloudresourcemanager.googleapis.com/v1/projects/tuntas-kilat:getIamPolicy 200
[debug] [2025-07-02T08:10:00.768Z] <<< [apiv2][body] POST https://cloudresourcemanager.googleapis.com/v1/projects/tuntas-kilat:getIamPolicy {"version":1,"etag":"BwY47YiVphU=","bindings":[{"role":"roles/artifactregistry.serviceAgent","members":["serviceAccount:service-207819547242@gcp-sa-artifactregistry.iam.gserviceaccount.com"]},{"role":"roles/cloudbuild.builds.builder","members":["serviceAccount:207819547242@cloudbuild.gserviceaccount.com"]},{"role":"roles/cloudbuild.serviceAgent","members":["serviceAccount:service-207819547242@gcp-sa-cloudbuild.iam.gserviceaccount.com"]},{"role":"roles/cloudfunctions.serviceAgent","members":["serviceAccount:service-207819547242@gcf-admin-robot.iam.gserviceaccount.com"]},{"role":"roles/containerregistry.ServiceAgent","members":["serviceAccount:service-207819547242@containerregistry.iam.gserviceaccount.com"]},{"role":"roles/developerconnect.readTokenAccessor","members":["serviceAccount:firebase-app-hosting-compute@tuntas-kilat.iam.gserviceaccount.com"]},{"role":"roles/developerconnect.serviceAgent","members":["serviceAccount:service-207819547242@gcp-sa-devconnect.iam.gserviceaccount.com"]},{"role":"roles/editor","members":["serviceAccount:207819547242-compute@developer.gserviceaccount.com","serviceAccount:tuntas-kilat@appspot.gserviceaccount.com"]},{"role":"roles/firebase.managementServiceAgent","members":["serviceAccount:service-207819547242@gcp-sa-firebase.iam.gserviceaccount.com"]},{"role":"roles/firebase.sdkAdminServiceAgent","members":["serviceAccount:firebase-adminsdk-fbsvc@tuntas-kilat.iam.gserviceaccount.com","serviceAccount:firebase-app-hosting-compute@tuntas-kilat.iam.gserviceaccount.com"]},{"role":"roles/firebaseapphosting.computeRunner","members":["serviceAccount:firebase-app-hosting-compute@tuntas-kilat.iam.gserviceaccount.com"]},{"role":"roles/firebaseapphosting.serviceAgent","members":["serviceAccount:service-207819547242@gcp-sa-firebaseapphosting.iam.gserviceaccount.com"]},{"role":"roles/firebaseauth.admin","members":["serviceAccount:firebase-adminsdk-fbsvc@tuntas-kilat.iam.gserviceaccount.com"]},{"role":"roles/firebaserules.firestoreServiceAgent","members":["serviceAccount:service-207819547242@gcp-sa-firebasestorage.iam.gserviceaccount.com"]},{"role":"roles/firebaserules.system","members":["serviceAccount:service-207819547242@firebase-rules.iam.gserviceaccount.com"]},{"role":"roles/firebasestorage.serviceAgent","members":["serviceAccount:service-207819547242@gcp-sa-firebasestorage.iam.gserviceaccount.com"]},{"role":"roles/firestore.serviceAgent","members":["serviceAccount:service-207819547242@gcp-sa-firestore.iam.gserviceaccount.com"]},{"role":"roles/iam.serviceAccountTokenCreator","members":["serviceAccount:firebase-adminsdk-fbsvc@tuntas-kilat.iam.gserviceaccount.com"]},{"role":"roles/owner","members":["user:nabhanyuzqi1@gmail.com"]},{"role":"roles/run.serviceAgent","members":["serviceAccount:service-207819547242@serverless-robot-prod.iam.gserviceaccount.com"]},{"role":"roles/secretmanager.admin_withcond_bad95d33bea38eb4196a","members":["serviceAccount:service-207819547242@gcp-sa-devconnect.iam.gserviceaccount.com"]},{"role":"roles/storage.admin","members":["serviceAccount:firebase-adminsdk-fbsvc@tuntas-kilat.iam.gserviceaccount.com"]},{"role":"roles/storage.objectViewer","members":["serviceAccount:firebase-app-hosting-compute@tuntas-kilat.iam.gserviceaccount.com"]}]}
[debug] [2025-07-02T08:10:00.768Z] Checked if tokens are valid: true, expires at: 1751445005750
[debug] [2025-07-02T08:10:00.768Z] Checked if tokens are valid: true, expires at: 1751445005750
[debug] [2025-07-02T08:10:00.769Z] >>> [apiv2][query] GET https://firebaseapphosting.googleapis.com/v1beta/projects/tuntas-kilat/locations/-/backends 
[debug] [2025-07-02T08:10:01.282Z] <<< [apiv2][status] GET https://firebaseapphosting.googleapis.com/v1beta/projects/tuntas-kilat/locations/-/backends 200
[debug] [2025-07-02T08:10:01.282Z] <<< [apiv2][body] GET https://firebaseapphosting.googleapis.com/v1beta/projects/tuntas-kilat/locations/-/backends {"backends":[{"name":"projects/tuntas-kilat/locations/asia-east1/backends/tuntas-kilat-app","createTime":"2025-07-02T03:40:46.739258334Z","updateTime":"2025-07-02T07:50:57.555180Z","labels":{"deployment-tool":"cli-firebase"},"uri":"tuntas-kilat-app--tuntas-kilat.asia-east1.hosted.app","managedResources":[{"runService":{"service":"projects/207819547242/locations/asia-east1/services/tuntas-kilat-app"}}],"uid":"8f857f8c-7aad-47ab-851a-ca38fd7c24ee","etag":"Q3op3lHW-7vo5zdwFX-U6vKXLlUttpqHDNrSKPVTM7Q","reconciling":false,"servingLocality":"GLOBAL_ACCESS","serviceAccount":"firebase-app-hosting-compute@tuntas-kilat.iam.gserviceaccount.com","appId":"1:207819547242:web:56ffce91c69e6980f5a013"}]}
